<?xml version="1.0" encoding="UTF-8"?>
<testng-results ignored="0" total="1" passed="1" failed="0" skipped="0">
  <reporter-output>
  </reporter-output>
  <suite started-at="2019-08-30T18:09:47Z" name="Default suite" finished-at="2019-08-30T18:10:09Z" duration-ms="21781">
    <groups>
    </groups>
    <test started-at="2019-08-30T18:09:47Z" name="Default test" finished-at="2019-08-30T18:10:09Z" duration-ms="21781">
      <class name="tests.LoginTest">
        <test-method is-config="true" signature="setup()[pri:0, instance:tests.LoginTest@6156496]" started-at="2019-08-30T18:09:47Z" name="setup" finished-at="2019-08-30T18:09:52Z" duration-ms="4651" status="PASS">
          <reporter-output>
          </reporter-output>
        </test-method> <!-- setup -->
        <test-method signature="MainTest()[pri:0, instance:tests.LoginTest@6156496]" started-at="2019-08-30T18:09:52Z" name="MainTest" finished-at="2019-08-30T18:10:09Z" duration-ms="17099" status="PASS">
          <reporter-output>
          </reporter-output>
        </test-method> <!-- MainTest -->
      </class> <!-- tests.LoginTest -->
    </test> <!-- Default test -->
  </suite> <!-- Default suite -->
</testng-results>
